<?xml version="1.0" encoding="UTF-8"?>
<!-- Generated by org.testng.reporters.JUnitReportReporter -->
<testsuite hostname="LOKESHWAR" failures="0" tests="1" name="lokidemo.Amazonlogin" time="33.338" errors="0" timestamp="02 Mar 2023 12:45:04 GMT" skipped="0">
  <testcase classname="lokidemo.Amazonlogin" name="LoginTest" time="33.338"/>
</testsuite> <!-- lokidemo.Amazonlogin -->
