<?xml version="1.0" encoding="UTF-8"?>
<!-- Generated by org.testng.reporters.JUnitReportReporter -->
<testsuite hostname="LOKESHWAR" failures="0" tests="1" name="lokidemo.TakeScreenShot" time="18.924" errors="0" timestamp="02 Mar 2023 11:33:10 GMT" skipped="0">
  <testcase classname="lokidemo.TakeScreenShot" name="Test11" time="18.924"/>
</testsuite> <!-- lokidemo.TakeScreenShot -->
