<?xml version="1.0" encoding="UTF-8"?>
<!-- Generated by org.testng.reporters.JUnitReportReporter -->
<testsuite hostname="LOKESHWAR" failures="0" tests="1" name="lokidemo.Htmlrepoter" time="12.301" errors="0" timestamp="27 Feb 2023 11:30:04 GMT" skipped="0">
  <testcase classname="lokidemo.Htmlrepoter" name="LoginTest" time="12.301"/>
</testsuite> <!-- lokidemo.Htmlrepoter -->
