<?xml version="1.0" encoding="UTF-8"?>
<!-- Generated by org.testng.reporters.JUnitReportReporter -->
<testsuite hostname="LOKESHWAR" failures="0" tests="1" name="lokidemo.demo2" time="17.780" errors="0" timestamp="27 Feb 2023 10:44:50 GMT" skipped="0">
  <testcase classname="lokidemo.demo2" name="testTakeScreenShot" time="17.780"/>
</testsuite> <!-- lokidemo.demo2 -->
