<?xml version="1.0" encoding="UTF-8"?>
<!-- Generated by org.testng.reporters.JUnitReportReporter -->
<testsuite hostname="LOKESHWAR" failures="0" tests="1" name="lokidemo.demo" time="10.782" errors="0" timestamp="25 Feb 2023 20:47:40 GMT" skipped="0">
  <testcase classname="lokidemo.demo" name="LoginTest" time="10.782"/>
</testsuite> <!-- lokidemo.demo -->
