<?xml version="1.0" encoding="UTF-8"?>
<!-- Generated by org.testng.reporters.JUnitReportReporter -->
<testsuite hostname="LOKESHWAR" failures="0" tests="1" name="lokidemo.demo3" time="14.560" errors="0" timestamp="27 Feb 2023 10:52:03 GMT" skipped="0">
  <testcase classname="lokidemo.demo3" name="testTakeScreenShot" time="14.560"/>
</testsuite> <!-- lokidemo.demo3 -->
