<?xml version="1.0" encoding="UTF-8"?>
<!-- Generated by org.testng.reporters.JUnitReportReporter -->
<testsuite hostname="LOKESHWAR" failures="0" tests="1" name="lokidemo.Browser" time="1.769" errors="0" timestamp="27 Feb 2023 11:54:25 GMT" skipped="0">
  <testcase classname="lokidemo.Browser" name="testTakeScreenShot" time="1.769"/>
</testsuite> <!-- lokidemo.Browser -->
